# JRE version: 7.0_05-b06
# Java VM: Java HotSpot(TM) 64-Bit Server VM (23.1-b03 mixed mode windows-amd64 compressed oops)
Heap
 PSYoungGen      total 233280K, used 218880K [0x00000000eaab0000, 0x00000000fb930000, 0x0000000000000000)
  eden space 218880K, 100% used [0x00000000eaab0000,0x00000000f8070000,0x00000000f8070000)
  from space 14400K, 0% used [0x00000000f8070000,0x00000000f8070000,0x00000000f8e80000)
  to   space 29056K, 53% used [0x00000000f9cd0000,0x00000000fac0e838,0x00000000fb930000)
 ParOldGen       total 149824K, used 68457K [0x00000000c0000000, 0x00000000c9250000, 0x00000000eaab0000)
  object space 149824K, 45% used [0x00000000c0000000,0x00000000c42da730,0x00000000c9250000)
 PSPermGen       total 128000K, used 108149K [0x00000000b0000000, 0x00000000b7d00000, 0x00000000c0000000)
  object space 128000K, 84% used [0x00000000b0000000,0x00000000b699d688,0x00000000b7d00000)
GC Heap History (10 events):
Event: 9351.884 GC heap after
Heap after GC invocations=46 (full 9):
 PSYoungGen      total 239936K, used 17236K [0x00000000eaab0000, 0x00000000fbc40000, 0x0000000000000000)
  eden space 209280K, 0% used [0x00000000eaab0000,0x00000000eaab0000,0x00000000f7710000)
  from space 30656K, 56% used [0x00000000f7710000,0x00000000f87e5108,0x00000000f9500000)
  to   space 29824K, 0% used [0x00000000f9f20000,0x00000000f9f20000,0x00000000fbc40000)
 ParOldGen       total 149824K, used 40148K [0x00000000c0000000, 0x00000000c9250000, 0x00000000eaab0000)
  object space 149824K, 26% used [0x00000000c0000000,0x00000000c2735100,0x00000000c9250000)
 PSPermGen       total 117184K, used 92101K [0x00000000b0000000, 0x00000000b7270000, 0x00000000c0000000)
  object space 117184K, 78% used [0x00000000b0000000,0x00000000b59f1790,0x00000000b7270000)
}
Event: 9351.885 GC heap before
{Heap before GC invocations=47 (full 10):
 PSYoungGen      total 239936K, used 17236K [0x00000000eaab0000, 0x00000000fbc40000, 0x0000000000000000)
  eden space 209280K, 0% used [0x00000000eaab0000,0x00000000eaab0000,0x00000000f7710000)
  from space 30656K, 56% used [0x00000000f7710000,0x00000000f87e5108,0x00000000f9500000)
  to   space 29824K, 0% used [0x00000000f9f20000,0x00000000f9f20000,0x00000000fbc40000)
 ParOldGen       total 149824K, used 40148K [0x00000000c0000000, 0x00000000c9250000, 0x00000000eaab0000)
  object space 149824K, 26% used [0x00000000c0000000,0x00000000c2735100,0x00000000c9250000)
 PSPermGen       total 117184K, used 92101K [0x00000000b0000000, 0x00000000b7270000, 0x00000000c0000000)
  object space 117184K, 78% used [0x00000000b0000000,0x00000000b59f1790,0x00000000b7270000)
Event: 9359.575 GC heap after
Heap after GC invocations=47 (full 10):
 PSYoungGen      total 239936K, used 0K [0x00000000eaab0000, 0x00000000fbc40000, 0x0000000000000000)
  eden space 209280K, 0% used [0x00000000eaab0000,0x00000000eaab0000,0x00000000f7710000)
  from space 30656K, 0% used [0x00000000f7710000,0x00000000f7710000,0x00000000f9500000)
  to   space 29824K, 0% used [0x00000000f9f20000,0x00000000f9f20000,0x00000000fbc40000)
 ParOldGen       total 149824K, used 55697K [0x00000000c0000000, 0x00000000c9250000, 0x00000000eaab0000)
  object space 149824K, 37% used [0x00000000c0000000,0x00000000c36647a0,0x00000000c9250000)
 PSPermGen       total 122368K, used 92059K [0x00000000b0000000, 0x00000000b7780000, 0x00000000c0000000)
  object space 122368K, 75% used [0x00000000b0000000,0x00000000b59e6f90,0x00000000b7780000)
}
Event: 9752.125 GC heap before
{Heap before GC invocations=48 (full 10):
 PSYoungGen      total 239936K, used 209280K [0x00000000eaab0000, 0x00000000fbc40000, 0x0000000000000000)
  eden space 209280K, 100% used [0x00000000eaab0000,0x00000000f7710000,0x00000000f7710000)
  from space 30656K, 0% used [0x00000000f7710000,0x00000000f7710000,0x00000000f9500000)
  to   space 29824K, 0% used [0x00000000f9f20000,0x00000000f9f20000,0x00000000fbc40000)
 ParOldGen       total 149824K, used 55697K [0x00000000c0000000, 0x00000000c9250000, 0x00000000eaab0000)
  object space 149824K, 37% used [0x00000000c0000000,0x00000000c36647a0,0x00000000c9250000)
 PSPermGen       total 122368K, used 99544K [0x00000000b0000000, 0x00000000b7780000, 0x00000000c0000000)
  object space 122368K, 81% used [0x00000000b0000000,0x00000000b61361f0,0x00000000b7780000)
Event: 9752.851 GC heap after
Heap after GC invocations=48 (full 10):
 PSYoungGen      total 247872K, used 20511K [0x00000000eaab0000, 0x00000000fbb70000, 0x0000000000000000)
  eden space 218880K, 0% used [0x00000000eaab0000,0x00000000eaab0000,0x00000000f8070000)
  from space 28992K, 70% used [0x00000000f9f20000,0x00000000fb327fb8,0x00000000fbb70000)
  to   space 30208K, 0% used [0x00000000f8070000,0x00000000f8070000,0x00000000f9df0000)
 ParOldGen       total 149824K, used 55697K [0x00000000c0000000, 0x00000000c9250000, 0x00000000eaab0000)
  object space 149824K, 37% used [0x00000000c0000000,0x00000000c36647a0,0x00000000c9250000)
 PSPermGen       total 122368K, used 99544K [0x00000000b0000000, 0x00000000b7780000, 0x00000000c0000000)
  object space 122368K, 81% used [0x00000000b0000000,0x00000000b61361f0,0x00000000b7780000)
}
Event: 9767.601 GC heap before
{Heap before GC invocations=49 (full 10):
 PSYoungGen      total 247872K, used 63939K [0x00000000eaab0000, 0x00000000fbb70000, 0x0000000000000000)
  eden space 218880K, 19% used [0x00000000eaab0000,0x00000000ed518d00,0x00000000f8070000)
  from space 28992K, 70% used [0x00000000f9f20000,0x00000000fb327fb8,0x00000000fbb70000)
  to   space 30208K, 0% used [0x00000000f8070000,0x00000000f8070000,0x00000000f9df0000)
 ParOldGen       total 149824K, used 55697K [0x00000000c0000000, 0x00000000c9250000, 0x00000000eaab0000)
  object space 149824K, 37% used [0x00000000c0000000,0x00000000c36647a0,0x00000000c9250000)
 PSPermGen       total 122368K, used 100504K [0x00000000b0000000, 0x00000000b7780000, 0x00000000c0000000)
  object space 122368K, 82% used [0x00000000b0000000,0x00000000b62262c8,0x00000000b7780000)
Event: 9768.339 GC heap after
Heap after GC invocations=49 (full 10):
 PSYoungGen      total 233280K, used 14374K [0x00000000eaab0000, 0x00000000fb930000, 0x0000000000000000)
  eden space 218880K, 0% used [0x00000000eaab0000,0x00000000eaab0000,0x00000000f8070000)
  from space 14400K, 99% used [0x00000000f8070000,0x00000000f8e79940,0x00000000f8e80000)
  to   space 29056K, 0% used [0x00000000f9cd0000,0x00000000f9cd0000,0x00000000fb930000)
 ParOldGen       total 149824K, used 55697K [0x00000000c0000000, 0x00000000c9250000, 0x00000000eaab0000)
  object space 149824K, 37% used [0x00000000c0000000,0x00000000c36647a0,0x00000000c9250000)
 PSPermGen       total 122368K, used 100504K [0x00000000b0000000, 0x00000000b7780000, 0x00000000c0000000)
  object space 122368K, 82% used [0x00000000b0000000,0x00000000b62262c8,0x00000000b7780000)
}
Event: 9768.339 GC heap before
{Heap before GC invocations=50 (full 11):
 PSYoungGen      total 233280K, used 14374K [0x00000000eaab0000, 0x00000000fb930000, 0x0000000000000000)
  eden space 218880K, 0% used [0x00000000eaab0000,0x00000000eaab0000,0x00000000f8070000)
  from space 14400K, 99% used [0x00000000f8070000,0x00000000f8e79940,0x00000000f8e80000)
  to   space 29056K, 0% used [0x00000000f9cd0000,0x00000000f9cd0000,0x00000000fb930000)
 ParOldGen       total 149824K, used 55697K [0x00000000c0000000, 0x00000000c9250000, 0x00000000eaab0000)
  object space 149824K, 37% used [0x00000000c0000000,0x00000000c36647a0,0x00000000c9250000)
 PSPermGen       total 122368K, used 100504K [0x00000000b0000000, 0x00000000b7780000, 0x00000000c0000000)
  object space 122368K, 82% used [0x00000000b0000000,0x00000000b62262c8,0x00000000b7780000)
Event: 9773.799 GC heap after
Heap after GC invocations=50 (full 11):
 PSYoungGen      total 233280K, used 0K [0x00000000eaab0000, 0x00000000fb930000, 0x0000000000000000)
  eden space 218880K, 0% used [0x00000000eaab0000,0x00000000eaab0000,0x00000000f8070000)
  from space 14400K, 0% used [0x00000000f8070000,0x00000000f8070000,0x00000000f8e80000)
  to   space 29056K, 0% used [0x00000000f9cd0000,0x00000000f9cd0000,0x00000000fb930000)
 ParOldGen       total 149824K, used 68457K [0x00000000c0000000, 0x00000000c9250000, 0x00000000eaab0000)
  object space 149824K, 45% used [0x00000000c0000000,0x00000000c42da730,0x00000000c9250000)
 PSPermGen       total 128000K, used 100462K [0x00000000b0000000, 0x00000000b7d00000, 0x00000000c0000000)
  object space 128000K, 78% used [0x00000000b0000000,0x00000000b621bb28,0x00000000b7d00000)
}
Event: 9896.209 GC heap before
{Heap before GC invocations=51 (full 11):
 PSYoungGen      total 233280K, used 218880K [0x00000000eaab0000, 0x00000000fb930000, 0x0000000000000000)
  eden space 218880K, 100% used [0x00000000eaab0000,0x00000000f8070000,0x00000000f8070000)
  from space 14400K, 0% used [0x00000000f8070000,0x00000000f8070000,0x00000000f8e80000)
  to   space 29056K, 0% used [0x00000000f9cd0000,0x00000000f9cd0000,0x00000000fb930000)
 ParOldGen       total 149824K, used 68457K [0x00000000c0000000, 0x00000000c9250000, 0x00000000eaab0000)
  object space 149824K, 45% used [0x00000000c0000000,0x00000000c42da730,0x00000000c9250000)
 PSPermGen       total 128000K, used 108149K [0x00000000b0000000, 0x00000000b7d00000, 0x00000000c0000000)
  object space 128000K, 84% used [0x00000000b0000000,0x00000000b699d688,0x00000000b7d00000)

