# JRE version: 7.0_05-b06
# Java VM: Java HotSpot(TM) 64-Bit Server VM (23.1-b03 mixed mode windows-amd64 compressed oops)
Heap
 PSYoungGen      total 311424K, used 280128K [0x00000000eaab0000, 0x0000000000000000, 0x0000000000000000)
  eden space 280128K, 100% used [0x00000000eaab0000,0x00000000fbc40000,0x00000000fbc40000)
  from space 31296K, 0% used [0x00000000fe170000,0x00000000fe170000,0x0000000000000000)
  to   space 34688K, 57% used [0x00000000fbc40000,0x00000000fcfb16a0,0x00000000fde20000)
 ParOldGen       total 150848K, used 44158K [0x00000000c0000000, 0x00000000c9350000, 0x00000000eaab0000)
  object space 150848K, 29% used [0x00000000c0000000,0x00000000c2b1f868,0x00000000c9350000)
 PSPermGen       total 106816K, used 82734K [0x00000000b0000000, 0x00000000b6850000, 0x00000000c0000000)
  object space 106816K, 77% used [0x00000000b0000000,0x00000000b50cb8a8,0x00000000b6850000)
GC Heap History (10 events):
Event: 13979.939 GC heap after
Heap after GC invocations=49 (full 11):
 PSYoungGen      total 319424K, used 7615K [0x00000000eaab0000, 0x0000000000000000, 0x0000000000000000)
  eden space 288896K, 0% used [0x00000000eaab0000,0x00000000eaab0000,0x00000000fc4d0000)
  from space 30528K, 24% used [0x00000000fe230000,0x00000000fe99fe78,0x0000000000000000)
  to   space 30080K, 0% used [0x00000000fc4d0000,0x00000000fc4d0000,0x00000000fe230000)
 ParOldGen       total 150848K, used 81717K [0x00000000c0000000, 0x00000000c9350000, 0x00000000eaab0000)
  object space 150848K, 54% used [0x00000000c0000000,0x00000000c4fcd4f0,0x00000000c9350000)
 PSPermGen       total 101184K, used 83867K [0x00000000b0000000, 0x00000000b62d0000, 0x00000000c0000000)
  object space 101184K, 82% used [0x00000000b0000000,0x00000000b51e6c20,0x00000000b62d0000)
}
Event: 13979.939 GC heap before
{Heap before GC invocations=50 (full 12):
 PSYoungGen      total 319424K, used 7615K [0x00000000eaab0000, 0x0000000000000000, 0x0000000000000000)
  eden space 288896K, 0% used [0x00000000eaab0000,0x00000000eaab0000,0x00000000fc4d0000)
  from space 30528K, 24% used [0x00000000fe230000,0x00000000fe99fe78,0x0000000000000000)
  to   space 30080K, 0% used [0x00000000fc4d0000,0x00000000fc4d0000,0x00000000fe230000)
 ParOldGen       total 150848K, used 81717K [0x00000000c0000000, 0x00000000c9350000, 0x00000000eaab0000)
  object space 150848K, 54% used [0x00000000c0000000,0x00000000c4fcd4f0,0x00000000c9350000)
 PSPermGen       total 101184K, used 83867K [0x00000000b0000000, 0x00000000b62d0000, 0x00000000c0000000)
  object space 101184K, 82% used [0x00000000b0000000,0x00000000b51e6c20,0x00000000b62d0000)
Event: 13982.897 GC heap after
Heap after GC invocations=50 (full 12):
 PSYoungGen      total 319424K, used 0K [0x00000000eaab0000, 0x0000000000000000, 0x0000000000000000)
  eden space 288896K, 0% used [0x00000000eaab0000,0x00000000eaab0000,0x00000000fc4d0000)
  from space 30528K, 0% used [0x00000000fe230000,0x00000000fe230000,0x0000000000000000)
  to   space 30080K, 0% used [0x00000000fc4d0000,0x00000000fc4d0000,0x00000000fe230000)
 ParOldGen       total 150848K, used 60645K [0x00000000c0000000, 0x00000000c9350000, 0x00000000eaab0000)
  object space 150848K, 40% used [0x00000000c0000000,0x00000000c3b39770,0x00000000c9350000)
 PSPermGen       total 119616K, used 83563K [0x00000000b0000000, 0x00000000b74d0000, 0x00000000c0000000)
  object space 119616K, 69% used [0x00000000b0000000,0x00000000b519ac40,0x00000000b74d0000)
}
Event: 20157.233 GC heap before
{Heap before GC invocations=51 (full 12):
 PSYoungGen      total 319424K, used 288896K [0x00000000eaab0000, 0x0000000000000000, 0x0000000000000000)
  eden space 288896K, 100% used [0x00000000eaab0000,0x00000000fc4d0000,0x00000000fc4d0000)
  from space 30528K, 0% used [0x00000000fe230000,0x00000000fe230000,0x0000000000000000)
  to   space 30080K, 0% used [0x00000000fc4d0000,0x00000000fc4d0000,0x00000000fe230000)
 ParOldGen       total 150848K, used 60645K [0x00000000c0000000, 0x00000000c9350000, 0x00000000eaab0000)
  object space 150848K, 40% used [0x00000000c0000000,0x00000000c3b39770,0x00000000c9350000)
 PSPermGen       total 119616K, used 92485K [0x00000000b0000000, 0x00000000b74d0000, 0x00000000c0000000)
  object space 119616K, 77% used [0x00000000b0000000,0x00000000b5a516a0,0x00000000b74d0000)
Event: 20157.688 GC heap after
Heap after GC invocations=51 (full 12):
 PSYoungGen      total 318208K, used 29292K [0x00000000eaab0000, 0x0000000000000000, 0x0000000000000000)
  eden space 288896K, 0% used [0x00000000eaab0000,0x00000000eaab0000,0x00000000fc4d0000)
  from space 29312K, 99% used [0x00000000fc4d0000,0x00000000fe16b168,0x00000000fe170000)
  to   space 31296K, 0% used [0x00000000fe170000,0x00000000fe170000,0x0000000000000000)
 ParOldGen       total 150848K, used 60645K [0x00000000c0000000, 0x00000000c9350000, 0x00000000eaab0000)
  object space 150848K, 40% used [0x00000000c0000000,0x00000000c3b39770,0x00000000c9350000)
 PSPermGen       total 119616K, used 92485K [0x00000000b0000000, 0x00000000b74d0000, 0x00000000c0000000)
  object space 119616K, 77% used [0x00000000b0000000,0x00000000b5a516a0,0x00000000b74d0000)
}
Event: 20162.976 GC heap before
{Heap before GC invocations=52 (full 12):
 PSYoungGen      total 318208K, used 111010K [0x00000000eaab0000, 0x0000000000000000, 0x0000000000000000)
  eden space 288896K, 28% used [0x00000000eaab0000,0x00000000efa7d6a8,0x00000000fc4d0000)
  from space 29312K, 99% used [0x00000000fc4d0000,0x00000000fe16b168,0x00000000fe170000)
  to   space 31296K, 0% used [0x00000000fe170000,0x00000000fe170000,0x0000000000000000)
 ParOldGen       total 150848K, used 60645K [0x00000000c0000000, 0x00000000c9350000, 0x00000000eaab0000)
  object space 150848K, 40% used [0x00000000c0000000,0x00000000c3b39770,0x00000000c9350000)
 PSPermGen       total 119616K, used 92917K [0x00000000b0000000, 0x00000000b74d0000, 0x00000000c0000000)
  object space 119616K, 77% used [0x00000000b0000000,0x00000000b5abd4d8,0x00000000b74d0000)
Event: 20163.007 GC heap after
Heap after GC invocations=52 (full 12):
 PSYoungGen      total 311424K, used 1108K [0x00000000eaab0000, 0x0000000000000000, 0x0000000000000000)
  eden space 280128K, 0% used [0x00000000eaab0000,0x00000000eaab0000,0x00000000fbc40000)
  from space 31296K, 3% used [0x00000000fe170000,0x00000000fe285018,0x0000000000000000)
  to   space 34688K, 0% used [0x00000000fbc40000,0x00000000fbc40000,0x00000000fde20000)
 ParOldGen       total 150848K, used 76587K [0x00000000c0000000, 0x00000000c9350000, 0x00000000eaab0000)
  object space 150848K, 50% used [0x00000000c0000000,0x00000000c4acac40,0x00000000c9350000)
 PSPermGen       total 119616K, used 92917K [0x00000000b0000000, 0x00000000b74d0000, 0x00000000c0000000)
  object space 119616K, 77% used [0x00000000b0000000,0x00000000b5abd4d8,0x00000000b74d0000)
}
Event: 20163.007 GC heap before
{Heap before GC invocations=53 (full 13):
 PSYoungGen      total 311424K, used 1108K [0x00000000eaab0000, 0x0000000000000000, 0x0000000000000000)
  eden space 280128K, 0% used [0x00000000eaab0000,0x00000000eaab0000,0x00000000fbc40000)
  from space 31296K, 3% used [0x00000000fe170000,0x00000000fe285018,0x0000000000000000)
  to   space 34688K, 0% used [0x00000000fbc40000,0x00000000fbc40000,0x00000000fde20000)
 ParOldGen       total 150848K, used 76587K [0x00000000c0000000, 0x00000000c9350000, 0x00000000eaab0000)
  object space 150848K, 50% used [0x00000000c0000000,0x00000000c4acac40,0x00000000c9350000)
 PSPermGen       total 119616K, used 92917K [0x00000000b0000000, 0x00000000b74d0000, 0x00000000c0000000)
  object space 119616K, 77% used [0x00000000b0000000,0x00000000b5abd4d8,0x00000000b74d0000)
Event: 20163.670 GC heap after
Heap after GC invocations=53 (full 13):
 PSYoungGen      total 311424K, used 0K [0x00000000eaab0000, 0x0000000000000000, 0x0000000000000000)
  eden space 280128K, 0% used [0x00000000eaab0000,0x00000000eaab0000,0x00000000fbc40000)
  from space 31296K, 0% used [0x00000000fe170000,0x00000000fe170000,0x0000000000000000)
  to   space 34688K, 0% used [0x00000000fbc40000,0x00000000fbc40000,0x00000000fde20000)
 ParOldGen       total 150848K, used 44158K [0x00000000c0000000, 0x00000000c9350000, 0x00000000eaab0000)
  object space 150848K, 29% used [0x00000000c0000000,0x00000000c2b1f868,0x00000000c9350000)
 PSPermGen       total 106816K, used 74579K [0x00000000b0000000, 0x00000000b6850000, 0x00000000c0000000)
  object space 106816K, 69% used [0x00000000b0000000,0x00000000b48d4e18,0x00000000b6850000)
}
Event: 20189.153 GC heap before
{Heap before GC invocations=54 (full 13):
 PSYoungGen      total 311424K, used 280128K [0x00000000eaab0000, 0x0000000000000000, 0x0000000000000000)
  eden space 280128K, 100% used [0x00000000eaab0000,0x00000000fbc40000,0x00000000fbc40000)
  from space 31296K, 0% used [0x00000000fe170000,0x00000000fe170000,0x0000000000000000)
  to   space 34688K, 0% used [0x00000000fbc40000,0x00000000fbc40000,0x00000000fde20000)
 ParOldGen       total 150848K, used 44158K [0x00000000c0000000, 0x00000000c9350000, 0x00000000eaab0000)
  object space 150848K, 29% used [0x00000000c0000000,0x00000000c2b1f868,0x00000000c9350000)
 PSPermGen       total 106816K, used 82734K [0x00000000b0000000, 0x00000000b6850000, 0x00000000c0000000)
  object space 106816K, 77% used [0x00000000b0000000,0x00000000b50cb8a8,0x00000000b6850000)

